This is pdfTeX, Version 3.14159265-2.6-1.40.19 (MiKTeX 2.9.6730 64-bit) (preloaded format=pdflatex 2018.8.26)  30 NOV 2019 17:05
entering extended mode
**./ista421ML-f2019-hw3.tex
(ista421ML-f2019-hw3.tex
LaTeX2e <2018-04-01> patch level 5

("C:\Users\Wenmo Sun\AppData\Local\Programs\MiKTeX 2.9\tex\latex\base\article.c
ls"
Document Class: article 2014/09/29 v1.4h Standard LaTeX document class

("C:\Users\Wenmo Sun\AppData\Local\Programs\MiKTeX 2.9\tex\latex\base\size10.cl
o"
File: size10.clo 2014/09/29 v1.4h Standard LaTeX file (size option)
)
\c@part=\count80
\c@section=\count81
\c@subsection=\count82
\c@subsubsection=\count83
\c@paragraph=\count84
\c@subparagraph=\count85
\c@figure=\count86
\c@table=\count87
\abovecaptionskip=\skip41
\belowcaptionskip=\skip42
\bibindent=\dimen102
)
("C:\Users\Wenmo Sun\AppData\Local\Programs\MiKTeX 2.9\tex\latex\geometry\geome
try.sty"
Package: geometry 2018/04/16 v5.8 Page Geometry

("C:\Users\Wenmo Sun\AppData\Local\Programs\MiKTeX 2.9\tex\latex\graphics\keyva
l.sty"
Package: keyval 2014/10/28 v1.15 key=value parser (DPC)
\KV@toks@=\toks14
)
("C:\Users\Wenmo Sun\AppData\Local\Programs\MiKTeX 2.9\tex\generic\oberdiek\ifp
df.sty"
Package: ifpdf 2017/03/15 v3.2 Provides the ifpdf switch
)
("C:\Users\Wenmo Sun\AppData\Local\Programs\MiKTeX 2.9\tex\generic\oberdiek\ifv
tex.sty"
Package: ifvtex 2016/05/16 v1.6 Detect VTeX and its facilities (HO)
Package ifvtex Info: VTeX not detected.
)
("C:\Users\Wenmo Sun\AppData\Local\Programs\MiKTeX 2.9\tex\generic\ifxetex\ifxe
tex.sty"
Package: ifxetex 2010/09/12 v0.6 Provides ifxetex conditional
)
\Gm@cnth=\count88
\Gm@cntv=\count89
\c@Gm@tempcnt=\count90
\Gm@bindingoffset=\dimen103
\Gm@wd@mp=\dimen104
\Gm@odd@mp=\dimen105
\Gm@even@mp=\dimen106
\Gm@layoutwidth=\dimen107
\Gm@layoutheight=\dimen108
\Gm@layouthoffset=\dimen109
\Gm@layoutvoffset=\dimen110
\Gm@dimlist=\toks15

("C:\Users\Wenmo Sun\AppData\Local\Programs\MiKTeX 2.9\tex\latex\geometry\geome
try.cfg"))
("C:\Users\Wenmo Sun\AppData\Local\Programs\MiKTeX 2.9\tex\latex\preprint\fullp
age.sty"
Package: fullpage 1999/02/23 1.1 (PWD)
\FP@margin=\skip43
)
("C:\Users\Wenmo Sun\AppData\Local\Programs\MiKTeX 2.9\tex\latex\setspace\setsp
ace.sty"
Package: setspace 2011/12/19 v6.7a set line spacing
)
("C:\Users\Wenmo Sun\AppData\Local\Programs\MiKTeX 2.9\tex\latex\parskip\parski
p.sty"
Package: parskip 2001/04/09 non-zero parskip adjustments
)
("C:\Users\Wenmo Sun\AppData\Local\Programs\MiKTeX 2.9\tex\latex\amsmath\amsmat
h.sty"
Package: amsmath 2017/09/02 v2.17a AMS math features
\@mathmargin=\skip44

For additional information on amsmath, use the `?' option.

("C:\Users\Wenmo Sun\AppData\Local\Programs\MiKTeX 2.9\tex\latex\amsmath\amstex
t.sty"
Package: amstext 2000/06/29 v2.01 AMS text

("C:\Users\Wenmo Sun\AppData\Local\Programs\MiKTeX 2.9\tex\latex\amsmath\amsgen
.sty"
File: amsgen.sty 1999/11/30 v2.0 generic functions
\@emptytoks=\toks16
\ex@=\dimen111
))
("C:\Users\Wenmo Sun\AppData\Local\Programs\MiKTeX 2.9\tex\latex\amsmath\amsbsy
.sty"
Package: amsbsy 1999/11/29 v1.2d Bold Symbols
\pmbraise@=\dimen112
)
("C:\Users\Wenmo Sun\AppData\Local\Programs\MiKTeX 2.9\tex\latex\amsmath\amsopn
.sty"
Package: amsopn 2016/03/08 v2.02 operator names
)
\inf@bad=\count91
LaTeX Info: Redefining \frac on input line 213.
\uproot@=\count92
\leftroot@=\count93
LaTeX Info: Redefining \overline on input line 375.
\classnum@=\count94
\DOTSCASE@=\count95
LaTeX Info: Redefining \ldots on input line 472.
LaTeX Info: Redefining \dots on input line 475.
LaTeX Info: Redefining \cdots on input line 596.
\Mathstrutbox@=\box26
\strutbox@=\box27
\big@size=\dimen113
LaTeX Font Info:    Redeclaring font encoding OML on input line 712.
LaTeX Font Info:    Redeclaring font encoding OMS on input line 713.
\macc@depth=\count96
\c@MaxMatrixCols=\count97
\dotsspace@=\muskip10
\c@parentequation=\count98
\dspbrk@lvl=\count99
\tag@help=\toks17
\row@=\count100
\column@=\count101
\maxfields@=\count102
\andhelp@=\toks18
\eqnshift@=\dimen114
\alignsep@=\dimen115
\tagshift@=\dimen116
\tagwidth@=\dimen117
\totwidth@=\dimen118
\lineht@=\dimen119
\@envbody=\toks19
\multlinegap=\skip45
\multlinetaggap=\skip46
\mathdisplay@stack=\toks20
LaTeX Info: Redefining \[ on input line 2817.
LaTeX Info: Redefining \] on input line 2818.
)
("C:\Users\Wenmo Sun\AppData\Local\Programs\MiKTeX 2.9\tex\latex\amsfonts\amssy
mb.sty"
Package: amssymb 2013/01/14 v3.01 AMS font symbols

("C:\Users\Wenmo Sun\AppData\Local\Programs\MiKTeX 2.9\tex\latex\amsfonts\amsfo
nts.sty"
Package: amsfonts 2013/01/14 v3.01 Basic AMSFonts support
\symAMSa=\mathgroup4
\symAMSb=\mathgroup5
LaTeX Font Info:    Overwriting math alphabet `\mathfrak' in version `bold'
(Font)                  U/euf/m/n --> U/euf/b/n on input line 106.
))
("C:\Users\Wenmo Sun\AppData\Local\Programs\MiKTeX 2.9\tex\latex\mathtools\emph
eq.sty"
Package: empheq 2017/03/31 v2.15 Emphasizing equations

("C:\Users\Wenmo Sun\AppData\Local\Programs\MiKTeX 2.9\tex\latex\mathtools\mhse
tup.sty"
Package: mhsetup 2017/03/31 v1.3 programming setup (MH)
)
("C:\Users\Wenmo Sun\AppData\Local\Programs\MiKTeX 2.9\tex\latex\mathtools\math
tools.sty"
Package: mathtools 2018/01/08 v1.21 mathematical typesetting tools

("C:\Users\Wenmo Sun\AppData\Local\Programs\MiKTeX 2.9\tex\latex\tools\calc.sty
"
Package: calc 2017/05/25 v4.3 Infix arithmetic (KKT,FJ)
\calc@Acount=\count103
\calc@Bcount=\count104
\calc@Adimen=\dimen120
\calc@Bdimen=\dimen121
\calc@Askip=\skip47
\calc@Bskip=\skip48
LaTeX Info: Redefining \setlength on input line 80.
LaTeX Info: Redefining \addtolength on input line 81.
\calc@Ccount=\count105
\calc@Cskip=\skip49
)
LaTeX Info: Thecontrolsequence`\('isalreadyrobust on input line 129.
LaTeX Info: Thecontrolsequence`\)'isalreadyrobust on input line 129.
LaTeX Info: Thecontrolsequence`\['isalreadyrobust on input line 129.
LaTeX Info: Thecontrolsequence`\]'isalreadyrobust on input line 129.
\g_MT_multlinerow_int=\count106
\l_MT_multwidth_dim=\dimen122
\origjot=\skip50
\l_MT_shortvdotswithinadjustabove_dim=\dimen123
\l_MT_shortvdotswithinadjustbelow_dim=\dimen124
\l_MT_above_intertext_sep=\dimen125
\l_MT_below_intertext_sep=\dimen126
\l_MT_above_shortintertext_sep=\dimen127
\l_MT_below_shortintertext_sep=\dimen128
)
\l_EQ_equationtype_int=\count107
\l_EQ_alignmentmode_int=\count108
\l_EQ_totalwidth_dim=\dimen129
\l_EQ_displaywidth_dim=\dimen130
\l_EQ_temp_linewidth_dim=\dimen131
\EmphEqdelimitershortfall=\dimen132
\EmphEqdelimiterfactor=\count109
\g_EQ_toptag_height_dim=\dimen133
\g_EQ_bottomtag_depth_dim=\dimen134
\g_EQ_toprow_height_dim=\dimen135
\g_EQ_bottomrow_depth_dim=\dimen136
\g_EQ_widesttag_dim=\dimen137
\EQ_mathdisplay_box=\box28
\EQ_tag_box=\box29
\g_EQ_temprow_int=\count110
)
("C:\Users\Wenmo Sun\AppData\Local\Programs\MiKTeX 2.9\tex\latex\tools\bm.sty"
Package: bm 2017/01/16 v1.2c Bold Symbol Support (DPC/FMi)
\symboldoperators=\mathgroup6
\symboldletters=\mathgroup7
\symboldsymbols=\mathgroup8
LaTeX Font Info:    Redeclaring math alphabet \mathbf on input line 141.
LaTeX Info: Redefining \bm on input line 207.
)
("C:\Users\Wenmo Sun\AppData\Local\Programs\MiKTeX 2.9\tex\latex\was\upgreek.st
y"
Package: upgreek 2003/02/12 v2.0 (WaS)
Package upgreek Info: Using Euler Roman for upright Greek on input line 31.
\symugrf@m=\mathgroup9
LaTeX Font Info:    Overwriting symbol font `ugrf@m' in version `bold'
(Font)                  U/eur/m/n --> U/eur/b/n on input line 38.
)
("C:\Users\Wenmo Sun\AppData\Local\Programs\MiKTeX 2.9\tex\latex\soul\soul.sty"
Package: soul 2003/11/17 v2.4 letterspacing/underlining (mf)
\SOUL@word=\toks21
\SOUL@lasttoken=\toks22
\SOUL@cmds=\toks23
\SOUL@buffer=\toks24
\SOUL@token=\toks25
\SOUL@spaceskip=\skip51
\SOUL@ttwidth=\dimen138
\SOUL@uldp=\dimen139
\SOUL@ulht=\dimen140
)
("C:\Users\Wenmo Sun\AppData\Local\Programs\MiKTeX 2.9\tex\latex\algorithms\alg
orithmic.sty"
Package: algorithmic 2009/08/24 v0.1 Document Style `algorithmic'

("C:\Users\Wenmo Sun\AppData\Local\Programs\MiKTeX 2.9\tex\latex\base\ifthen.st
y"
Package: ifthen 2014/09/29 v1.1c Standard LaTeX ifthen package (DPC)
)
\c@ALC@unique=\count111
\c@ALC@line=\count112
\c@ALC@rem=\count113
\c@ALC@depth=\count114
\ALC@tlm=\skip52
\algorithmicindent=\skip53
)
("C:\Users\Wenmo Sun\AppData\Local\Programs\MiKTeX 2.9\tex\latex\algorithms\alg
orithm.sty"
Package: algorithm 2009/08/24 v0.1 Document Style `algorithm' - floating enviro
nment

("C:\Users\Wenmo Sun\AppData\Local\Programs\MiKTeX 2.9\tex\latex\float\float.st
y"
Package: float 2001/11/08 v1.3d Float enhancements (AL)
\c@float@type=\count115
\float@exts=\toks26
\float@box=\box30
\@float@everytoks=\toks27
\@floatcapt=\box31
)
\@float@every@algorithm=\toks28
\c@algorithm=\count116
)
("C:\Users\Wenmo Sun\AppData\Local\Programs\MiKTeX 2.9\tex\latex\graphics\graph
icx.sty"
Package: graphicx 2017/06/01 v1.1a Enhanced LaTeX Graphics (DPC,SPQR)

("C:\Users\Wenmo Sun\AppData\Local\Programs\MiKTeX 2.9\tex\latex\graphics\graph
ics.sty"
Package: graphics 2017/06/25 v1.2c Standard LaTeX Graphics (DPC,SPQR)

("C:\Users\Wenmo Sun\AppData\Local\Programs\MiKTeX 2.9\tex\latex\graphics\trig.
sty"
Package: trig 2016/01/03 v1.10 sin cos tan (DPC)
)
("C:\Users\Wenmo Sun\AppData\Local\Programs\MiKTeX 2.9\tex\latex\graphics-cfg\g
raphics.cfg"
File: graphics.cfg 2016/06/04 v1.11 sample graphics configuration
)
Package graphics Info: Driver file: pdftex.def on input line 99.

("C:\Users\Wenmo Sun\AppData\Local\Programs\MiKTeX 2.9\tex\latex\graphics-def\p
dftex.def"
File: pdftex.def 2018/01/08 v1.0l Graphics/color driver for pdftex
))
\Gin@req@height=\dimen141
\Gin@req@width=\dimen142
)
("C:\Users\Wenmo Sun\AppData\Local\Programs\MiKTeX 2.9\tex\latex\subfigure\subf
igure.sty"
Package: subfigure 2002/07/30 v2.1.4 subfigure package
\subfigtopskip=\skip54
\subfigcapskip=\skip55
\subfigcaptopadj=\dimen143
\subfigbottomskip=\skip56
\subfigcapmargin=\dimen144
\subfiglabelskip=\skip57
\c@subfigure=\count117
\c@lofdepth=\count118
\c@subtable=\count119
\c@lotdepth=\count120

****************************************
* Local config file subfigure.cfg used *
****************************************

("C:\Users\Wenmo Sun\AppData\Local\Programs\MiKTeX 2.9\tex\latex\subfigure\subf
igure.cfg")
\subfig@top=\skip58
\subfig@bottom=\skip59
)
("C:\Users\Wenmo Sun\AppData\Local\Programs\MiKTeX 2.9\tex\latex\tools\xspace.s
ty"
Package: xspace 2014/10/28 v1.13 Space after command names (DPC,MH)
)
("C:\Users\Wenmo Sun\AppData\Local\Programs\MiKTeX 2.9\tex\latex\graphics\color
.sty"
Package: color 2016/07/10 v1.1e Standard LaTeX Color (DPC)

("C:\Users\Wenmo Sun\AppData\Local\Programs\MiKTeX 2.9\tex\latex\graphics-cfg\c
olor.cfg"
File: color.cfg 2016/01/02 v1.6 sample color configuration
)
Package color Info: Driver file: pdftex.def on input line 147.
)
("C:\Users\Wenmo Sun\AppData\Local\Programs\MiKTeX 2.9\tex\latex\placeins\place
ins.sty"
Package: placeins 2005/04/18  v 2.2
)
("C:\Users\Wenmo Sun\AppData\Local\Programs\MiKTeX 2.9\tex\latex\listings\listi
ngs.sty"
\lst@mode=\count121
\lst@gtempboxa=\box32
\lst@token=\toks29
\lst@length=\count122
\lst@currlwidth=\dimen145
\lst@column=\count123
\lst@pos=\count124
\lst@lostspace=\dimen146
\lst@width=\dimen147
\lst@newlines=\count125
\lst@lineno=\count126
\lst@maxwidth=\dimen148

("C:\Users\Wenmo Sun\AppData\Local\Programs\MiKTeX 2.9\tex\latex\listings\lstmi
sc.sty"
File: lstmisc.sty 2015/06/04 1.6 (Carsten Heinz)
\c@lstnumber=\count127
\lst@skipnumbers=\count128
\lst@framebox=\box33
)
("C:\Users\Wenmo Sun\AppData\Local\Programs\MiKTeX 2.9\tex\latex\listings\listi
ngs.cfg"
File: listings.cfg 2015/06/04 1.6 listings configuration
))
Package: listings 2015/06/04 1.6 (Carsten Heinz)

("C:\Users\Wenmo Sun\AppData\Local\Programs\MiKTeX 2.9\tex\latex\base\textcomp.
sty"
Package: textcomp 2017/04/05 v2.0i Standard LaTeX package
Package textcomp Info: Sub-encoding information:
(textcomp)               5 = only ISO-Adobe without \textcurrency
(textcomp)               4 = 5 + \texteuro
(textcomp)               3 = 4 + \textohm
(textcomp)               2 = 3 + \textestimated + \textcurrency
(textcomp)               1 = TS1 - \textcircled - \t
(textcomp)               0 = TS1 (full)
(textcomp)             Font families with sub-encoding setting implement
(textcomp)             only a restricted character set as indicated.
(textcomp)             Family '?' is the default used for unknown fonts.
(textcomp)             See the documentation for details.
Package textcomp Info: Setting ? sub-encoding to TS1/1 on input line 79.

("C:\Users\Wenmo Sun\AppData\Local\Programs\MiKTeX 2.9\tex\latex\base\ts1enc.de
f"
File: ts1enc.def 2001/06/05 v3.0e (jk/car/fm) Standard LaTeX file
Now handling font encoding TS1 ...
... processing UTF-8 mapping file for font encoding TS1

("C:\Users\Wenmo Sun\AppData\Local\Programs\MiKTeX 2.9\tex\latex\base\ts1enc.df
u"
File: ts1enc.dfu 2018/04/05 v1.2c UTF-8 support for inputenc
   defining Unicode char U+00A2 (decimal 162)
   defining Unicode char U+00A3 (decimal 163)
   defining Unicode char U+00A4 (decimal 164)
   defining Unicode char U+00A5 (decimal 165)
   defining Unicode char U+00A6 (decimal 166)
   defining Unicode char U+00A7 (decimal 167)
   defining Unicode char U+00A8 (decimal 168)
   defining Unicode char U+00A9 (decimal 169)
   defining Unicode char U+00AA (decimal 170)
   defining Unicode char U+00AC (decimal 172)
   defining Unicode char U+00AE (decimal 174)
   defining Unicode char U+00AF (decimal 175)
   defining Unicode char U+00B0 (decimal 176)
   defining Unicode char U+00B1 (decimal 177)
   defining Unicode char U+00B2 (decimal 178)
   defining Unicode char U+00B3 (decimal 179)
   defining Unicode char U+00B4 (decimal 180)
   defining Unicode char U+00B5 (decimal 181)
   defining Unicode char U+00B6 (decimal 182)
   defining Unicode char U+00B7 (decimal 183)
   defining Unicode char U+00B9 (decimal 185)
   defining Unicode char U+00BA (decimal 186)
   defining Unicode char U+00BC (decimal 188)
   defining Unicode char U+00BD (decimal 189)
   defining Unicode char U+00BE (decimal 190)
   defining Unicode char U+00D7 (decimal 215)
   defining Unicode char U+00F7 (decimal 247)
   defining Unicode char U+0192 (decimal 402)
   defining Unicode char U+02C7 (decimal 711)
   defining Unicode char U+02D8 (decimal 728)
   defining Unicode char U+02DD (decimal 733)
   defining Unicode char U+0E3F (decimal 3647)
   defining Unicode char U+2016 (decimal 8214)
   defining Unicode char U+2020 (decimal 8224)
   defining Unicode char U+2021 (decimal 8225)
   defining Unicode char U+2022 (decimal 8226)
   defining Unicode char U+2030 (decimal 8240)
   defining Unicode char U+2031 (decimal 8241)
   defining Unicode char U+203B (decimal 8251)
   defining Unicode char U+203D (decimal 8253)
   defining Unicode char U+2044 (decimal 8260)
   defining Unicode char U+204E (decimal 8270)
   defining Unicode char U+2052 (decimal 8274)
   defining Unicode char U+20A1 (decimal 8353)
   defining Unicode char U+20A4 (decimal 8356)
   defining Unicode char U+20A6 (decimal 8358)
   defining Unicode char U+20A9 (decimal 8361)
   defining Unicode char U+20AB (decimal 8363)
   defining Unicode char U+20AC (decimal 8364)
   defining Unicode char U+20B1 (decimal 8369)
   defining Unicode char U+2103 (decimal 8451)
   defining Unicode char U+2116 (decimal 8470)
   defining Unicode char U+2117 (decimal 8471)
   defining Unicode char U+211E (decimal 8478)
   defining Unicode char U+2120 (decimal 8480)
   defining Unicode char U+2122 (decimal 8482)
   defining Unicode char U+2126 (decimal 8486)
   defining Unicode char U+2127 (decimal 8487)
   defining Unicode char U+212E (decimal 8494)
   defining Unicode char U+2190 (decimal 8592)
   defining Unicode char U+2191 (decimal 8593)
   defining Unicode char U+2192 (decimal 8594)
   defining Unicode char U+2193 (decimal 8595)
   defining Unicode char U+2329 (decimal 9001)
   defining Unicode char U+232A (decimal 9002)
   defining Unicode char U+2422 (decimal 9250)
   defining Unicode char U+25E6 (decimal 9702)
   defining Unicode char U+25EF (decimal 9711)
   defining Unicode char U+266A (decimal 9834)
   defining Unicode char U+FEFF (decimal 65279)
))
LaTeX Info: Redefining \oldstylenums on input line 334.
Package textcomp Info: Setting cmr sub-encoding to TS1/0 on input line 349.
Package textcomp Info: Setting cmss sub-encoding to TS1/0 on input line 350.
Package textcomp Info: Setting cmtt sub-encoding to TS1/0 on input line 351.
Package textcomp Info: Setting cmvtt sub-encoding to TS1/0 on input line 352.
Package textcomp Info: Setting cmbr sub-encoding to TS1/0 on input line 353.
Package textcomp Info: Setting cmtl sub-encoding to TS1/0 on input line 354.
Package textcomp Info: Setting ccr sub-encoding to TS1/0 on input line 355.
Package textcomp Info: Setting ptm sub-encoding to TS1/4 on input line 356.
Package textcomp Info: Setting pcr sub-encoding to TS1/4 on input line 357.
Package textcomp Info: Setting phv sub-encoding to TS1/4 on input line 358.
Package textcomp Info: Setting ppl sub-encoding to TS1/3 on input line 359.
Package textcomp Info: Setting pag sub-encoding to TS1/4 on input line 360.
Package textcomp Info: Setting pbk sub-encoding to TS1/4 on input line 361.
Package textcomp Info: Setting pnc sub-encoding to TS1/4 on input line 362.
Package textcomp Info: Setting pzc sub-encoding to TS1/4 on input line 363.
Package textcomp Info: Setting bch sub-encoding to TS1/4 on input line 364.
Package textcomp Info: Setting put sub-encoding to TS1/5 on input line 365.
Package textcomp Info: Setting uag sub-encoding to TS1/5 on input line 366.
Package textcomp Info: Setting ugq sub-encoding to TS1/5 on input line 367.
Package textcomp Info: Setting ul8 sub-encoding to TS1/4 on input line 368.
Package textcomp Info: Setting ul9 sub-encoding to TS1/4 on input line 369.
Package textcomp Info: Setting augie sub-encoding to TS1/5 on input line 370.
Package textcomp Info: Setting dayrom sub-encoding to TS1/3 on input line 371.
Package textcomp Info: Setting dayroms sub-encoding to TS1/3 on input line 372.

Package textcomp Info: Setting pxr sub-encoding to TS1/0 on input line 373.
Package textcomp Info: Setting pxss sub-encoding to TS1/0 on input line 374.
Package textcomp Info: Setting pxtt sub-encoding to TS1/0 on input line 375.
Package textcomp Info: Setting txr sub-encoding to TS1/0 on input line 376.
Package textcomp Info: Setting txss sub-encoding to TS1/0 on input line 377.
Package textcomp Info: Setting txtt sub-encoding to TS1/0 on input line 378.
Package textcomp Info: Setting lmr sub-encoding to TS1/0 on input line 379.
Package textcomp Info: Setting lmdh sub-encoding to TS1/0 on input line 380.
Package textcomp Info: Setting lmss sub-encoding to TS1/0 on input line 381.
Package textcomp Info: Setting lmssq sub-encoding to TS1/0 on input line 382.
Package textcomp Info: Setting lmvtt sub-encoding to TS1/0 on input line 383.
Package textcomp Info: Setting lmtt sub-encoding to TS1/0 on input line 384.
Package textcomp Info: Setting qhv sub-encoding to TS1/0 on input line 385.
Package textcomp Info: Setting qag sub-encoding to TS1/0 on input line 386.
Package textcomp Info: Setting qbk sub-encoding to TS1/0 on input line 387.
Package textcomp Info: Setting qcr sub-encoding to TS1/0 on input line 388.
Package textcomp Info: Setting qcs sub-encoding to TS1/0 on input line 389.
Package textcomp Info: Setting qpl sub-encoding to TS1/0 on input line 390.
Package textcomp Info: Setting qtm sub-encoding to TS1/0 on input line 391.
Package textcomp Info: Setting qzc sub-encoding to TS1/0 on input line 392.
Package textcomp Info: Setting qhvc sub-encoding to TS1/0 on input line 393.
Package textcomp Info: Setting futs sub-encoding to TS1/4 on input line 394.
Package textcomp Info: Setting futx sub-encoding to TS1/4 on input line 395.
Package textcomp Info: Setting futj sub-encoding to TS1/4 on input line 396.
Package textcomp Info: Setting hlh sub-encoding to TS1/3 on input line 397.
Package textcomp Info: Setting hls sub-encoding to TS1/3 on input line 398.
Package textcomp Info: Setting hlst sub-encoding to TS1/3 on input line 399.
Package textcomp Info: Setting hlct sub-encoding to TS1/5 on input line 400.
Package textcomp Info: Setting hlx sub-encoding to TS1/5 on input line 401.
Package textcomp Info: Setting hlce sub-encoding to TS1/5 on input line 402.
Package textcomp Info: Setting hlcn sub-encoding to TS1/5 on input line 403.
Package textcomp Info: Setting hlcw sub-encoding to TS1/5 on input line 404.
Package textcomp Info: Setting hlcf sub-encoding to TS1/5 on input line 405.
Package textcomp Info: Setting pplx sub-encoding to TS1/3 on input line 406.
Package textcomp Info: Setting pplj sub-encoding to TS1/3 on input line 407.
Package textcomp Info: Setting ptmx sub-encoding to TS1/4 on input line 408.
Package textcomp Info: Setting ptmj sub-encoding to TS1/4 on input line 409.
)
Package color Info: Redefining color green on input line 50.
 (ista421ML-f2019-hw3.aux)
\openout1 = `ista421ML-f2019-hw3.aux'.

LaTeX Font Info:    Checking defaults for OML/cmm/m/it on input line 104.
LaTeX Font Info:    ... okay on input line 104.
LaTeX Font Info:    Checking defaults for T1/cmr/m/n on input line 104.
LaTeX Font Info:    ... okay on input line 104.
LaTeX Font Info:    Checking defaults for OT1/cmr/m/n on input line 104.
LaTeX Font Info:    ... okay on input line 104.
LaTeX Font Info:    Checking defaults for OMS/cmsy/m/n on input line 104.
LaTeX Font Info:    ... okay on input line 104.
LaTeX Font Info:    Checking defaults for OMX/cmex/m/n on input line 104.
LaTeX Font Info:    ... okay on input line 104.
LaTeX Font Info:    Checking defaults for U/cmr/m/n on input line 104.
LaTeX Font Info:    ... okay on input line 104.
LaTeX Font Info:    Checking defaults for TS1/cmr/m/n on input line 104.
LaTeX Font Info:    Try loading font information for TS1+cmr on input line 104.


("C:\Users\Wenmo Sun\AppData\Local\Programs\MiKTeX 2.9\tex\latex\base\ts1cmr.fd
"
File: ts1cmr.fd 2014/09/29 v2.5h Standard LaTeX font definitions
)
LaTeX Font Info:    ... okay on input line 104.

*geometry* driver: auto-detecting
*geometry* detected driver: pdftex
*geometry* verbose mode - [ preamble ] result:
* driver: pdftex
* paper: letterpaper
* layout: <same size as paper>
* layoutoffset:(h,v)=(0.0pt,0.0pt)
* modes: 
* h-part:(L,W,R)=(92.14519pt, 430.00462pt, 92.14519pt)
* v-part:(T,H,B)=(95.39737pt, 556.47656pt, 143.09605pt)
* \paperwidth=614.295pt
* \paperheight=794.96999pt
* \textwidth=469.75502pt
* \textheight=620.43001pt
* \oddsidemargin=0.0pt
* \evensidemargin=0.0pt
* \topmargin=0.0pt
* \headheight=0.0pt
* \headsep=0.0pt
* \topskip=10.0pt
* \footskip=30.0pt
* \marginparwidth=65.0pt
* \marginparsep=11.0pt
* \columnsep=10.0pt
* \skip\footins=9.0pt plus 4.0pt minus 2.0pt
* \hoffset=0.0pt
* \voffset=0.0pt
* \mag=1000
* \@twocolumnfalse
* \@twosidefalse
* \@mparswitchfalse
* \@reversemarginfalse
* (1in=72.27pt=25.4mm, 1cm=28.453pt)

\Hy@linkcounter=\count129

("C:\Users\Wenmo Sun\AppData\Local\Programs\MiKTeX 2.9\tex\context\base\supp-pd
f.mkii"
[Loading MPS to PDF converter (version 2006.09.02).]
\scratchcounter=\count130
\scratchdimen=\dimen149
\scratchbox=\box34
\nofMPsegments=\count131
\nofMParguments=\count132
\everyMPshowfont=\toks30
\MPscratchCnt=\count133
\MPscratchDim=\dimen150
\MPnumerator=\count134
\makeMPintoPDFobject=\count135
\everyMPtoPDFconversion=\toks31
)
("C:\Users\Wenmo Sun\AppData\Local\Programs\MiKTeX 2.9\tex\latex\oberdiek\epsto
pdf-base.sty"
Package: epstopdf-base 2016/05/15 v2.6 Base part for package epstopdf

("C:\Users\Wenmo Sun\AppData\Local\Programs\MiKTeX 2.9\tex\generic\oberdiek\inf
warerr.sty"
Package: infwarerr 2016/05/16 v1.4 Providing info/warning/error messages (HO)
)
("C:\Users\Wenmo Sun\AppData\Local\Programs\MiKTeX 2.9\tex\latex\oberdiek\grfex
t.sty"
Package: grfext 2016/05/16 v1.2 Manage graphics extensions (HO)

("C:\Users\Wenmo Sun\AppData\Local\Programs\MiKTeX 2.9\tex\generic\oberdiek\kvd
efinekeys.sty"
Package: kvdefinekeys 2016/05/16 v1.4 Define keys (HO)

("C:\Users\Wenmo Sun\AppData\Local\Programs\MiKTeX 2.9\tex\generic\oberdiek\ltx
cmds.sty"
Package: ltxcmds 2016/05/16 v1.23 LaTeX kernel commands for general use (HO)
)))
("C:\Users\Wenmo Sun\AppData\Local\Programs\MiKTeX 2.9\tex\latex\oberdiek\kvopt
ions.sty"
Package: kvoptions 2016/05/16 v3.12 Key value format for package options (HO)

("C:\Users\Wenmo Sun\AppData\Local\Programs\MiKTeX 2.9\tex\generic\oberdiek\kvs
etkeys.sty"
Package: kvsetkeys 2016/05/16 v1.17 Key value parser (HO)

("C:\Users\Wenmo Sun\AppData\Local\Programs\MiKTeX 2.9\tex\generic\oberdiek\ete
xcmds.sty"
Package: etexcmds 2016/05/16 v1.6 Avoid name clashes with e-TeX commands (HO)

("C:\Users\Wenmo Sun\AppData\Local\Programs\MiKTeX 2.9\tex\generic\oberdiek\ifl
uatex.sty"
Package: ifluatex 2016/05/16 v1.4 Provides the ifluatex switch (HO)
Package ifluatex Info: LuaTeX not detected.
)
Package etexcmds Info: Could not find \expanded.
(etexcmds)             That can mean that you are not using pdfTeX 1.50 or
(etexcmds)             that some package has redefined \expanded.
(etexcmds)             In the latter case, load this package earlier.
)))
("C:\Users\Wenmo Sun\AppData\Local\Programs\MiKTeX 2.9\tex\generic\oberdiek\pdf
texcmds.sty"
Package: pdftexcmds 2018/01/30 v0.27 Utility functions of pdfTeX for LuaTeX (HO
)
Package pdftexcmds Info: LuaTeX not detected.
Package pdftexcmds Info: \pdf@primitive is available.
Package pdftexcmds Info: \pdf@ifprimitive is available.
Package pdftexcmds Info: \pdfdraftmode found.
)
Package epstopdf-base Info: Redefining graphics rule for `.eps' on input line 4
38.
Package grfext Info: Graphics extension search list:
(grfext)             [.pdf,.png,.jpg,.mps,.jpeg,.jbig2,.jb2,.PDF,.PNG,.JPG,.JPE
G,.JBIG2,.JB2,.eps]
(grfext)             \AppendGraphicsExtensions on input line 456.
)
\c@lstlisting=\count136
LaTeX Font Info:    Try loading font information for U+msa on input line 131.

("C:\Users\Wenmo Sun\AppData\Local\Programs\MiKTeX 2.9\tex\latex\amsfonts\umsa.
fd"
File: umsa.fd 2013/01/14 v3.01 AMS symbols A
)
LaTeX Font Info:    Try loading font information for U+msb on input line 131.

("C:\Users\Wenmo Sun\AppData\Local\Programs\MiKTeX 2.9\tex\latex\amsfonts\umsb.
fd"
File: umsb.fd 2013/01/14 v3.01 AMS symbols B
) [1

{C:/Users/Wenmo Sun/AppData/Local/MiKTeX/2.9/pdftex/config/pdftex.map}]

Package amsmath Warning: Foreign command \over;
(amsmath)                \frac or \genfrac should be used instead
(amsmath)                 on input line 158.


Overfull \hbox (19.6951pt too wide) in paragraph at lines 163--164
[]\OT1/cmr/m/n/10 In \OT1/cmtt/m/n/10 calculate[]posson[]pmf[]b\OT1/cmr/m/n/10 
, us-ing the fact that one out-come has to hap-pen, com-pute the \OT1/cmtt/m/n/
10 probability
 []


Underfull \hbox (badness 10000) in paragraph at lines 183--188

 []


Underfull \hbox (badness 10000) in paragraph at lines 183--188

 []

<./figures/ex2_fn_approx.png, id=14, 462.528pt x 346.896pt>
File: ./figures/ex2_fn_approx.png Graphic file (type png)
<use ./figures/ex2_fn_approx.png>
Package pdftex.def Info: ./figures/ex2_fn_approx.png  used on input line 192.
(pdftex.def)             Requested size: 231.26343pt x 173.44757pt.

LaTeX Warning: `!h' float specifier changed to `!ht'.

[2]
<./figures/ex3.jpg, id=22, 659.46375pt x 757.32938pt>
File: ./figures/ex3.jpg Graphic file (type jpg)
<use ./figures/ex3.jpg>
Package pdftex.def Info: ./figures/ex3.jpg  used on input line 231.
(pdftex.def)             Requested size: 329.73106pt x 378.66376pt.


LaTeX Warning: `!h' float specifier changed to `!ht'.

[3 <./figures/ex2_fn_approx.png>]
Underfull \hbox (badness 10000) in paragraph at lines 243--251

 []


Underfull \hbox (badness 10000) in paragraph at lines 243--251

 []


Underfull \hbox (badness 10000) in paragraph at lines 243--251

 []

[4 <./figures/ex3.jpg>]
<figures/ex5_synth_data.png, id=33, 462.528pt x 346.896pt>
File: figures/ex5_synth_data.png Graphic file (type png)
<use figures/ex5_synth_data.png>
Package pdftex.def Info: figures/ex5_synth_data.png  used on input line 279.
(pdftex.def)             Requested size: 284.52756pt x 213.40593pt.
<figures/ex5b_fn_errorbars_order-1.png, id=34, 462.528pt x 346.896pt>
File: figures/ex5b_fn_errorbars_order-1.png Graphic file (type png)
<use figures/ex5b_fn_errorbars_order-1.png>
Package pdftex.def Info: figures/ex5b_fn_errorbars_order-1.png  used on input l
ine 288.
(pdftex.def)             Requested size: 225.4804pt x 169.11243pt.
<figures/ex5b_fn_errorbars_order-3.png, id=35, 462.528pt x 346.896pt>
File: figures/ex5b_fn_errorbars_order-3.png Graphic file (type png)
<use figures/ex5b_fn_errorbars_order-3.png>
Package pdftex.def Info: figures/ex5b_fn_errorbars_order-3.png  used on input l
ine 291.
(pdftex.def)             Requested size: 225.4804pt x 169.11243pt.
<figures/ex5b_fn_errorbars_order-5.png, id=36, 462.528pt x 346.896pt>
File: figures/ex5b_fn_errorbars_order-5.png Graphic file (type png)
<use figures/ex5b_fn_errorbars_order-5.png>
Package pdftex.def Info: figures/ex5b_fn_errorbars_order-5.png  used on input l
ine 295.
(pdftex.def)             Requested size: 225.4804pt x 169.11243pt.
<figures/ex5b_fn_errorbars_order-9.png, id=37, 462.528pt x 346.896pt>
File: figures/ex5b_fn_errorbars_order-9.png Graphic file (type png)
<use figures/ex5b_fn_errorbars_order-9.png>
Package pdftex.def Info: figures/ex5b_fn_errorbars_order-9.png  used on input l
ine 298.
(pdftex.def)             Requested size: 225.4804pt x 169.11243pt.


LaTeX Warning: `!h' float specifier changed to `!ht'.

<figures/ex5c_sample_fn_order-1.png, id=38, 462.528pt x 346.896pt>
File: figures/ex5c_sample_fn_order-1.png Graphic file (type png)
<use figures/ex5c_sample_fn_order-1.png>
Package pdftex.def Info: figures/ex5c_sample_fn_order-1.png  used on input line
 308.
(pdftex.def)             Requested size: 225.4804pt x 169.11243pt.
<figures/ex5c_sample_fn_order-3.png, id=39, 462.528pt x 346.896pt>
File: figures/ex5c_sample_fn_order-3.png Graphic file (type png)
<use figures/ex5c_sample_fn_order-3.png>
Package pdftex.def Info: figures/ex5c_sample_fn_order-3.png  used on input line
 311.
(pdftex.def)             Requested size: 225.4804pt x 169.11243pt.
<figures/ex5c_sample_fn_order-5.png, id=40, 462.528pt x 346.896pt>
File: figures/ex5c_sample_fn_order-5.png Graphic file (type png)
<use figures/ex5c_sample_fn_order-5.png>
Package pdftex.def Info: figures/ex5c_sample_fn_order-5.png  used on input line
 315.
(pdftex.def)             Requested size: 225.4804pt x 169.11243pt.
<figures/ex5c_sample_fn_order-9.png, id=41, 462.528pt x 346.896pt>
File: figures/ex5c_sample_fn_order-9.png Graphic file (type png)
<use figures/ex5c_sample_fn_order-9.png>
Package pdftex.def Info: figures/ex5c_sample_fn_order-9.png  used on input line
 318.
(pdftex.def)             Requested size: 225.4804pt x 169.11243pt.

LaTeX Warning: `!h' float specifier changed to `!ht'.

[5 <./figures/ex5_synth_data.png>] [6 <./figures/ex5b_fn_errorbars_order-1.png>
 <./figures/ex5b_fn_errorbars_order-3.png> <./figures/ex5b_fn_errorbars_order-5
.png> <./figures/ex5b_fn_errorbars_order-9.png>] [7 <./figures/ex5c_sample_fn_o
rder-1.png> <./figures/ex5c_sample_fn_order-3.png> <./figures/ex5c_sample_fn_or
der-5.png> <./figures/ex5c_sample_fn_order-9.png>]
<figures/ex6_sample_fn_order-1.png, id=62, 462.528pt x 346.896pt>
File: figures/ex6_sample_fn_order-1.png Graphic file (type png)
<use figures/ex6_sample_fn_order-1.png>
Package pdftex.def Info: figures/ex6_sample_fn_order-1.png  used on input line 
340.
(pdftex.def)             Requested size: 225.4804pt x 169.11243pt.
<figures/ex6_sample_fn_order-3.png, id=63, 462.528pt x 346.896pt>
File: figures/ex6_sample_fn_order-3.png Graphic file (type png)
<use figures/ex6_sample_fn_order-3.png>
Package pdftex.def Info: figures/ex6_sample_fn_order-3.png  used on input line 
343.
(pdftex.def)             Requested size: 225.4804pt x 169.11243pt.
<figures/ex6_sample_fn_order-5.png, id=64, 462.528pt x 346.896pt>
File: figures/ex6_sample_fn_order-5.png Graphic file (type png)
<use figures/ex6_sample_fn_order-5.png>
Package pdftex.def Info: figures/ex6_sample_fn_order-5.png  used on input line 
347.
(pdftex.def)             Requested size: 225.4804pt x 169.11243pt.
<figures/ex6_sample_fn_order-9.png, id=65, 462.528pt x 346.896pt>
File: figures/ex6_sample_fn_order-9.png Graphic file (type png)
<use figures/ex6_sample_fn_order-9.png>
Package pdftex.def Info: figures/ex6_sample_fn_order-9.png  used on input line 
350.
(pdftex.def)             Requested size: 225.4804pt x 169.11243pt.
 [8

 <./figures/ex6_sample_fn_order-1.png> <./figures/ex6_sample_fn_order-3.png> <.
/figures/ex6_sample_fn_order-5.png> <./figures/ex6_sample_fn_order-9.png>]
<./figures/ex7.jpg, id=73, 679.03688pt x 665.48625pt>
File: ./figures/ex7.jpg Graphic file (type jpg)
<use ./figures/ex7.jpg>
Package pdftex.def Info: ./figures/ex7.jpg  used on input line 368.
(pdftex.def)             Requested size: 339.51761pt x 332.74231pt.
 [9 <./figures/ex7.jpg>]
(ista421ML-f2019-hw3.aux) ) 
Here is how much of TeX's memory you used:
 6429 strings out of 492973
 96787 string characters out of 3124918
 168257 words of memory out of 3000000
 10144 multiletter control sequences out of 15000+200000
 11347 words of font info for 43 fonts, out of 3000000 for 9000
 1141 hyphenation exceptions out of 8191
 41i,14n,32p,623b,370s stack positions out of 5000i,500n,10000p,200000b,50000s
 <C:\Users\Wenmo Sun\AppData\Local\MiKTeX\2.9\fonts\
pk\ljfour\jknappen\ec\dpi600\tcrm1000.pk><C:/Users/Wenmo Sun/AppData/Local/Prog
rams/MiKTeX 2.9/fonts/type1/public/amsfonts/cm/cmbx10.pfb><C:/Users/Wenmo Sun/A
ppData/Local/Programs/MiKTeX 2.9/fonts/type1/public/amsfonts/cm/cmbx12.pfb><C:/
Users/Wenmo Sun/AppData/Local/Programs/MiKTeX 2.9/fonts/type1/public/amsfonts/c
m/cmex10.pfb><C:/Users/Wenmo Sun/AppData/Local/Programs/MiKTeX 2.9/fonts/type1/
public/amsfonts/cmextra/cmex7.pfb><C:/Users/Wenmo Sun/AppData/Local/Programs/Mi
KTeX 2.9/fonts/type1/public/amsfonts/cm/cmmi10.pfb><C:/Users/Wenmo Sun/AppData/
Local/Programs/MiKTeX 2.9/fonts/type1/public/amsfonts/cm/cmmi5.pfb><C:/Users/We
nmo Sun/AppData/Local/Programs/MiKTeX 2.9/fonts/type1/public/amsfonts/cm/cmmi7.
pfb><C:/Users/Wenmo Sun/AppData/Local/Programs/MiKTeX 2.9/fonts/type1/public/am
sfonts/cm/cmr10.pfb><C:/Users/Wenmo Sun/AppData/Local/Programs/MiKTeX 2.9/fonts
/type1/public/amsfonts/cm/cmr5.pfb><C:/Users/Wenmo Sun/AppData/Local/Programs/M
iKTeX 2.9/fonts/type1/public/amsfonts/cm/cmr7.pfb><C:/Users/Wenmo Sun/AppData/L
ocal/Programs/MiKTeX 2.9/fonts/type1/public/amsfonts/cm/cmr8.pfb><C:/Users/Wenm
o Sun/AppData/Local/Programs/MiKTeX 2.9/fonts/type1/public/amsfonts/cm/cmsy10.p
fb><C:/Users/Wenmo Sun/AppData/Local/Programs/MiKTeX 2.9/fonts/type1/public/ams
fonts/cm/cmsy7.pfb><C:/Users/Wenmo Sun/AppData/Local/Programs/MiKTeX 2.9/fonts/
type1/public/amsfonts/cm/cmti10.pfb><C:/Users/Wenmo Sun/AppData/Local/Programs/
MiKTeX 2.9/fonts/type1/public/amsfonts/cm/cmtt10.pfb>
Output written on ista421ML-f2019-hw3.pdf (9 pages, 931608 bytes).
PDF statistics:
 128 PDF objects out of 1000 (max. 8388607)
 0 named destinations out of 1000 (max. 500000)
 81 words of extra memory for PDF output out of 10000 (max. 10000000)

